[ 2025-11-28 23:34:56,415 ] 1025 httpx - INFO - HTTP Request: GET https://dagshub.com/api/v1/user "HTTP/1.1 200 OK"
[ 2025-11-28 23:34:56,424 ] 107 dagshub - INFO - Accessing as shahzadtalha843
[ 2025-11-28 23:34:58,868 ] 1025 httpx - INFO - HTTP Request: GET https://dagshub.com/api/v1/repos/shahzadtalha843/NetworkSecurity "HTTP/1.1 200 OK"
[ 2025-11-28 23:35:01,844 ] 1025 httpx - INFO - HTTP Request: GET https://dagshub.com/api/v1/user "HTTP/1.1 200 OK"
[ 2025-11-28 23:35:01,853 ] 107 dagshub - INFO - Initialized MLflow to track repo "shahzadtalha843/NetworkSecurity"
[ 2025-11-28 23:35:01,859 ] 107 dagshub - INFO - Repository shahzadtalha843/NetworkSecurity initialized!
[ 2025-11-28 23:35:28,294 ] 42 root - INFO - Start data Ingestion
[ 2025-11-28 23:35:28,295 ] 26 root - INFO - Initialized DataIngestion with config:
[ 2025-11-28 23:35:28,295 ] 27 root - INFO -   database_name: TALHAI
[ 2025-11-28 23:35:28,295 ] 28 root - INFO -   collection_name: NetworkData
[ 2025-11-28 23:35:28,295 ] 29 root - INFO -   feature_store_file_path: Artifacts\11_28_2025_23_34_44\data_ingestion\feature_store\phisingData.csv
[ 2025-11-28 23:35:28,295 ] 30 root - INFO -   training_file_path: Artifacts\11_28_2025_23_34_44\data_ingestion\ingested\train.csv
[ 2025-11-28 23:35:28,296 ] 31 root - INFO -   testing_file_path: Artifacts\11_28_2025_23_34_44\data_ingestion\ingested\test.csv
[ 2025-11-28 23:35:28,296 ] 32 root - INFO -   train_test_split_ratio: 0.2
[ 2025-11-28 23:35:28,296 ] 150 root - INFO - Starting data ingestion process...
[ 2025-11-28 23:35:28,296 ] 45 root - INFO - Connecting to MongoDB...
[ 2025-11-28 23:35:28,296 ] 46 root - INFO - MONGO_DB_URL: mongodb+srv://talha_shahzad:Admin1234@cluster0.vasnc3w.mongodb.net/?appName=Cluster0
[ 2025-11-28 23:35:28,296 ] 47 root - INFO - Database: TALHAI, Collection: NetworkData
[ 2025-11-28 23:41:26,703 ] 153 root - INFO - Dataframe shape after export_collection_as_dataframe: (77385, 31)
[ 2025-11-28 23:41:26,705 ] 95 root - INFO - Saving data to feature store: Artifacts\11_28_2025_23_34_44\data_ingestion\feature_store\phisingData.csv
[ 2025-11-28 23:41:26,706 ] 96 root - INFO - Feature store dataframe shape: (77385, 31)
[ 2025-11-28 23:41:28,423 ] 156 root - INFO - Dataframe shape after export_data_into_feature_store: (77385, 31)
[ 2025-11-28 23:41:28,534 ] 128 root - INFO - Performed train test split on the dataframe
[ 2025-11-28 23:41:28,534 ] 129 root - INFO - Exited split_data_as_train_test method of Data_Ingestion class
[ 2025-11-28 23:41:28,535 ] 134 root - INFO - Exporting train and test file path.
[ 2025-11-28 23:41:30,106 ] 143 root - INFO - Exported train and test file path.
[ 2025-11-28 23:41:30,108 ] 165 root - INFO - Data ingestion completed successfully.
[ 2025-11-28 23:41:30,109 ] 166 root - INFO - DataIngestionArtifact: DataIngestionArtifact(trained_file_path='Artifacts\\11_28_2025_23_34_44\\data_ingestion\\ingested\\train.csv', test_file_path='Artifacts\\11_28_2025_23_34_44\\data_ingestion\\ingested\\test.csv')
[ 2025-11-28 23:41:30,112 ] 45 root - INFO - Data Ingestion completed and artifact: DataIngestionArtifact(trained_file_path='Artifacts\\11_28_2025_23_34_44\\data_ingestion\\ingested\\train.csv', test_file_path='Artifacts\\11_28_2025_23_34_44\\data_ingestion\\ingested\\test.csv')
[ 2025-11-28 23:41:30,170 ] 55 root - INFO - Initiate the data Validation
[ 2025-11-28 23:41:30,698 ] 32 root - INFO - Required number of columns:2
[ 2025-11-28 23:41:30,698 ] 33 root - INFO - Data frame has columns:31
[ 2025-11-28 23:41:30,699 ] 32 root - INFO - Required number of columns:2
[ 2025-11-28 23:41:30,699 ] 33 root - INFO - Data frame has columns:31
[ 2025-11-28 23:41:33,053 ] 63 root - INFO - Entered initiate_data_transformation method of DataTransformation class
[ 2025-11-28 23:41:33,461 ] 48 root - INFO - Entered get_data_trnasformer_object method of Trnasformation class
[ 2025-11-28 23:41:33,461 ] 53 root - INFO - Initialise KNNImputer with {'missing_values': nan, 'n_neighbors': 3, 'weights': 'uniform'}
[ 2025-11-28 23:41:33,564 ] 46 root - INFO - Entered the save_object method of MainUtils class
[ 2025-11-28 23:41:33,591 ] 50 root - INFO - Exited the save_object method of MainUtils class
[ 2025-11-28 23:41:33,592 ] 46 root - INFO - Entered the save_object method of MainUtils class
[ 2025-11-28 23:41:33,622 ] 50 root - INFO - Exited the save_object method of MainUtils class
[ 2025-11-29 00:47:54,212 ] 46 root - INFO - Entered the save_object method of MainUtils class
[ 2025-11-29 00:47:54,213 ] 50 root - INFO - Exited the save_object method of MainUtils class
[ 2025-11-29 00:47:54,213 ] 46 root - INFO - Entered the save_object method of MainUtils class
[ 2025-11-29 00:47:54,220 ] 50 root - INFO - Exited the save_object method of MainUtils class
[ 2025-11-29 00:47:54,220 ] 133 root - INFO - Model trainer artifact: ModelTrainerArtifact(trained_model_file_path='Artifacts\\11_28_2025_23_34_44\\model_trainer\\trained_model\\model.pkl', train_metric_artifact=ClassificationMetricArtifact(f1_score=0.9911281568854475, precision_score=0.9893383415197919, recall_score=0.9929244599101058), test_metric_artifact=ClassificationMetricArtifact(f1_score=0.9892884025244629, precision_score=0.9868314658657734, recall_score=0.9917576039006268))
